********************************************************************************
**** Starting ASP.NET Setup at: 2013-01-14 12:08:50
**** Registering ASP.NET isapi: c:\Windows\Microsoft.NET\Framework64\v4.0.30319\aspnet_isapi.dll
**** Internal flags: 0x00000404
********************************************************************************

2013-01-14 12:08:50	Starting	Stopping service: aspnet_state
2013-01-14 12:08:50		Starting	Connecting to Service Manager
2013-01-14 12:08:50		Success 	Connecting to Service Manager
2013-01-14 12:08:50		Starting	Opening Service handle
2013-01-14 12:08:50		Success 	Opening Service handle
2013-01-14 12:08:51		Starting	Stopping service
2013-01-14 12:08:51			Starting	Finding out service state
2013-01-14 12:08:51			Success 	Finding out service state
2013-01-14 12:08:51			Starting	Shutting down service
2013-01-14 12:08:51			Success 	Shutting down service
2013-01-14 12:08:51			Starting	Waiting for service to shut down
2013-01-14 12:08:51			Success 	Waiting for service to shut down
2013-01-14 12:08:51		Success 	Stopping service
2013-01-14 12:08:51	Success 	Stopping service: aspnet_state
2013-01-14 12:08:52	Starting	Changing IIS ApplicationHost.config
2013-01-14 12:08:52	Success 	Changing IIS ApplicationHost.config
2013-01-14 12:08:52	Starting	Determining if current ASP.NET isapi has the highest version
2013-01-14 12:08:52	Success 	Determining if current ASP.NET isapi has the highest version
2013-01-14 12:08:52	Starting	Installing WMI file:aspnet.mof
2013-01-14 12:08:52	Success 	Installing WMI file:aspnet.mof
2013-01-14 12:08:52	Starting	Setting ACLs on dirs and WMI
2013-01-14 12:08:52		Starting	Getting location of Temporary ASP.Net directory
2013-01-14 12:08:52		Success 	Getting location of Temporary ASP.Net directory
2013-01-14 12:08:52		Starting	Setting ACLs on Temporary ASP.Net directory
2013-01-14 12:08:52		Success 	Setting ACLs on Temporary ASP.Net directory
2013-01-14 12:08:52		Starting	Setting ACLs on install root directory
2013-01-14 12:08:52		Success 	Setting ACLs on install root directory
2013-01-14 12:08:52		Starting	Setting ACLs on config directory
2013-01-14 12:08:52		Success 	Setting ACLs on config directory
2013-01-14 12:08:52		Starting	Grant access to WMI namespace: root\aspnet
2013-01-14 12:08:52		Success 	Grant access to WMI namespace: root\aspnet
2013-01-14 12:08:53	Success 	Setting ACLs on dirs and WMI
2013-01-14 12:08:53	Starting	Install all ASP.NET Services
2013-01-14 12:08:53		Starting	Getting credentials for the service account
2013-01-14 12:08:53		Success 	Getting credentials for the service account
2013-01-14 12:08:53		Starting	Connecting to Service Manager
2013-01-14 12:08:53		Success 	Connecting to Service Manager
2013-01-14 12:08:53		Starting	aspnet_state
2013-01-14 12:08:53		Success 	aspnet_state
2013-01-14 12:08:53		Starting	Reading various service settings for: aspnet_state
2013-01-14 12:08:53		Success 	Reading various service settings for: aspnet_state
2013-01-14 12:08:53		Starting	Executing inf section: StateService.Install
2013-01-14 12:08:54		Success 	Executing inf section: 
2013-01-14 12:08:54		Starting	Locking service database
2013-01-14 12:08:54		Success 	Locking service database
2013-01-14 12:08:54		Starting	Opening Service handle
2013-01-14 12:08:54		Success 	Opening Service handle
2013-01-14 12:08:54		Starting	Writing back various service settings for: aspnet_state
2013-01-14 12:08:54			Starting	Changing the service startup type
2013-01-14 12:08:54			Success 	Changing the service startup type
2013-01-14 12:08:54		Success 	Writing back various service settings for: aspnet_state
2013-01-14 12:08:55		Starting	Changing service account and password
2013-01-14 12:08:55		Success 	Changing service account and password
2013-01-14 12:08:55	Success 	Install all ASP.NET Services
2013-01-14 12:08:55	Starting	Executing inf section: MmcAspNetExtCOMComponents.Install
2013-01-14 12:08:55	Success 	Executing inf section: MmcAspNetExtCOMComponents.Install
2013-01-14 12:08:55	Starting	Install the ASP.NET Performance counters
2013-01-14 12:08:55	Success 	Install the ASP.NET Performance counters
2013-01-14 12:08:56	Starting	Install common performance counters
2013-01-14 12:08:58	Success 	Install common performance counters
2013-01-14 12:08:58	Starting	Starting service: aspnet_state
2013-01-14 12:08:58	Success 	Starting service: aspnet_state
