********************************************************************************
**** Starting ASP.NET Setup at: 2013-01-14 12:04:24
**** Registering ASP.NET isapi: c:\Windows\Microsoft.NET\Framework64\v4.0.30319\aspnet_isapi.dll
**** Internal flags: 0x00000404
********************************************************************************

2013-01-14 12:04:24	Starting	Stopping service: aspnet_state
2013-01-14 12:04:24		Starting	Connecting to Service Manager
2013-01-14 12:04:24		Success 	Connecting to Service Manager
2013-01-14 12:04:24		Starting	Opening Service handle
2013-01-14 12:04:24		Success 	Opening Service handle
2013-01-14 12:04:25		Starting	Stopping service
2013-01-14 12:04:25			Starting	Finding out service state
2013-01-14 12:04:25			Success 	Finding out service state
2013-01-14 12:04:25			Starting	Shutting down service
2013-01-14 12:04:25			Success 	Shutting down service
2013-01-14 12:04:25			Starting	Waiting for service to shut down
2013-01-14 12:04:25			Success 	Waiting for service to shut down
2013-01-14 12:04:25		Success 	Stopping service
2013-01-14 12:04:25	Success 	Stopping service: aspnet_state
2013-01-14 12:04:25	Starting	Changing IIS ApplicationHost.config
2013-01-14 12:04:25	Success 	Changing IIS ApplicationHost.config
2013-01-14 12:04:25	Starting	Determining if current ASP.NET isapi has the highest version
2013-01-14 12:04:25	Success 	Determining if current ASP.NET isapi has the highest version
2013-01-14 12:04:25	Starting	Installing WMI file:aspnet.mof
2013-01-14 12:04:25	Success 	Installing WMI file:aspnet.mof
2013-01-14 12:04:26	Starting	Setting ACLs on dirs and WMI
2013-01-14 12:04:26		Starting	Getting location of Temporary ASP.Net directory
2013-01-14 12:04:26		Success 	Getting location of Temporary ASP.Net directory
2013-01-14 12:04:26		Starting	Setting ACLs on Temporary ASP.Net directory
2013-01-14 12:04:26		Success 	Setting ACLs on Temporary ASP.Net directory
2013-01-14 12:04:26		Starting	Setting ACLs on install root directory
2013-01-14 12:04:26		Success 	Setting ACLs on install root directory
2013-01-14 12:04:26		Starting	Setting ACLs on config directory
2013-01-14 12:04:26		Success 	Setting ACLs on config directory
2013-01-14 12:04:26		Starting	Grant access to WMI namespace: root\aspnet
2013-01-14 12:04:26		Success 	Grant access to WMI namespace: root\aspnet
2013-01-14 12:04:26	Success 	Setting ACLs on dirs and WMI
2013-01-14 12:04:26	Starting	Install all ASP.NET Services
2013-01-14 12:04:26		Starting	Getting credentials for the service account
2013-01-14 12:04:26		Success 	Getting credentials for the service account
2013-01-14 12:04:26		Starting	Connecting to Service Manager
2013-01-14 12:04:26		Success 	Connecting to Service Manager
2013-01-14 12:04:26		Starting	aspnet_state
2013-01-14 12:04:26		Success 	aspnet_state
2013-01-14 12:04:26		Starting	Reading various service settings for: aspnet_state
2013-01-14 12:04:27		Success 	Reading various service settings for: aspnet_state
2013-01-14 12:04:27		Starting	Executing inf section: StateService.Install
2013-01-14 12:04:28		Success 	Executing inf section: 
2013-01-14 12:04:28		Starting	Locking service database
2013-01-14 12:04:28		Success 	Locking service database
2013-01-14 12:04:28		Starting	Opening Service handle
2013-01-14 12:04:28		Success 	Opening Service handle
2013-01-14 12:04:28		Starting	Writing back various service settings for: aspnet_state
2013-01-14 12:04:28			Starting	Changing the service startup type
2013-01-14 12:04:28			Success 	Changing the service startup type
2013-01-14 12:04:28		Success 	Writing back various service settings for: aspnet_state
2013-01-14 12:04:28		Starting	Changing service account and password
2013-01-14 12:04:28		Success 	Changing service account and password
2013-01-14 12:04:28	Success 	Install all ASP.NET Services
2013-01-14 12:04:28	Starting	Executing inf section: MmcAspNetExtCOMComponents.Install
2013-01-14 12:04:28	Success 	Executing inf section: MmcAspNetExtCOMComponents.Install
2013-01-14 12:04:29	Starting	Install the ASP.NET Performance counters
2013-01-14 12:04:29	Success 	Install the ASP.NET Performance counters
2013-01-14 12:04:29	Starting	Install common performance counters
2013-01-14 12:04:31	Success 	Install common performance counters
2013-01-14 12:04:32	Starting	Starting service: aspnet_state
2013-01-14 12:04:32	Success 	Starting service: aspnet_state
